{
  "0 debug pnpm:scope": {
    "selected": 1
  },
  "1 error pnpm": {
    "errno": 1,
    "code": "ELIFECYCLE",
    "pkgid": "tp3@0.1.0",
    "stage": "backend",
    "script": "json-server-auth --watch ./backend/db.json --routes ./backend/routes.json",
    "pkgname": "tp3",
    "err": {
      "name": "pnpm",
      "message": "tp3@0.1.0 backend: `json-server-auth --watch ./backend/db.json --routes ./backend/routes.json`\nExit status 1",
      "code": "ELIFECYCLE",
      "stack": "pnpm: tp3@0.1.0 backend: `json-server-auth --watch ./backend/db.json --routes ./backend/routes.json`\nExit status 1\n    at EventEmitter.<anonymous> (C:\\Users\\matt\\AppData\\Roaming\\npm\\node_modules\\pnpm\\dist\\pnpm.cjs:105724:20)\n    at EventEmitter.emit (node:events:390:28)\n    at ChildProcess.<anonymous> (C:\\Users\\matt\\AppData\\Roaming\\npm\\node_modules\\pnpm\\dist\\pnpm.cjs:92285:18)\n    at ChildProcess.emit (node:events:390:28)\n    at maybeClose (node:internal/child_process:1064:16)\n    at Process.ChildProcess._handle.onexit (node:internal/child_process:301:5)"
    }
  },
  "2 warn pnpm:global": " Local package.json exists, but node_modules missing, did you mean to install?"
}